C51 COMPILER V9.59.0.0   END_MID_BLINK_LED                                                 11/13/2023 12:26:17 PAGE 1   


C51 COMPILER V9.59.0.0, COMPILATION OF MODULE END_MID_BLINK_LED
OBJECT MODULE PLACED IN .\Objects\End_Mid_BLink_LED.obj
COMPILER INVOKED BY: C:\Keil_v5\C51\BIN\C51.EXE End_Mid_BLink_LED.c OPTIMIZE(8,SPEED) BROWSE DEBUG OBJECTEXTEND PRINT(.\
                    -Listings\End_Mid_BLink_LED.lst) TABS(2) OBJECT(.\Objects\End_Mid_BLink_LED.obj)

line level    source

   1          //including required lib's
   2          #include <REGX51.H>
   3          
   4          //sbit decleration for leds
   5          sbit L1 = P1^0;
   6          sbit L2 = P1^1;
   7          sbit L3 = P1^2;
   8          sbit L4 = P1^3;
   9          sbit L5 = P1^4;
  10          sbit L6 = P1^5;
  11          sbit L7 = P1^6;
  12          sbit L8 = P1^7;
  13          
  14          //forword declearation of functions
  15          void delay(unsigned int);                  //delay function with one parameter
  16          
  17          void light18();                            //function to on 0th pin led and 7th pin led
  18          void black18();                            //function to off 0th pin led and 7th pin led
  19          
  20          void light27();                            //function to on 1st pin led and 6th pin led
  21          void black27();                            //function to off 1st pin led and 6th pin led
  22          
  23          void light36();                            //function to on 2nd pin led and 5th pin led
  24          void black36();                            //function to off 2nd pin led and 5th pin led
  25          
  26          void light45();                            //function to on 3rd pin led and 4th pin led
  27          void black45();                            //function to off 3rd pin led and 4th pin led
  28          
  29          void L18B45();                             //function to on 0 pin led and 7 pin led & off 3 pin and 4 pin
  30          void L27B18();                             //function to on 1 pin led and 6 pin led & off 0 pin and 7 pin
  31          void L36B27();                             //function to on 2 pin led and 5 pin led & off 1 pin and 6 pin
  32          void L45B36();                             //function to on 3 pin led and 4 pin led & off 2 pin and 5 pin
  33          void L18B45L27B18L36B27L45B36();           //combination of all function for know how function in fuction work
  34          
  35          void main()                                //main function
  36          {
  37   1        P1 = 0x00;                               //all pins are active low
  38   1        while(1)                                 //forever loop (or we can use for(;;))
  39   1        {
  40   2          L18B45L27B18L36B27L45B36();            //calling function
  41   2        }
  42   1      }
  43          
  44          
  45          //defination of the all user defined function
  46          void light18()                                        
  47          {
  48   1          L1 = 1;
  49   1          L8 = 1;
  50   1      }
  51          
  52          void black18()
  53          {
  54   1          L1 = 0;
C51 COMPILER V9.59.0.0   END_MID_BLINK_LED                                                 11/13/2023 12:26:17 PAGE 2   

  55   1          L8 = 0;
  56   1      }
  57          
  58          void light27()
  59          {
  60   1          L2 = 1;
  61   1          L7 = 1;
  62   1      }
  63          
  64          void black27()
  65          {
  66   1          L2 = 0;
  67   1          L7 = 0;
  68   1      }
  69          
  70          void light36()
  71          {
  72   1          L3 = 1;
  73   1          L6 = 1;
  74   1      }
  75          
  76          void black36()
  77          {
  78   1          L3 = 0;
  79   1          L6 = 0;
  80   1      }
  81          
  82          void light45()
  83          {
  84   1          L4 = 1;
  85   1          L5 = 1;
  86   1      }
  87          
  88          void black45()
  89          {
  90   1          L4 = 0;
  91   1          L5 = 0;
  92   1      }
  93          
  94          void L18B45()
  95          {
  96   1        light18();
  97   1        black45();
  98   1        delay(500);                                   //calling delay function with one arugement
  99   1      }
 100          
 101          void L27B18()
 102          {
 103   1        
 104   1            light27();
 105   1            black18();
 106   1            delay(500);                               //calling delay function with one arugement
 107   1      }
 108          
 109          void L36B27()
 110          {
 111   1            light36();
 112   1            black27();
 113   1            delay(500);                               //calling delay function with one arugement
 114   1      }
 115          
 116          void L45B36()
C51 COMPILER V9.59.0.0   END_MID_BLINK_LED                                                 11/13/2023 12:26:17 PAGE 3   

 117          {
 118   1            light45();
 119   1            black36();
 120   1            delay(500);                               //calling delay function with one arugement
 121   1      }
 122          
 123          void L18B45L27B18L36B27L45B36()
 124          {
 125   1          L18B45(); 
 126   1          L27B18();
 127   1          L36B27(); 
 128   1          L45B36();
 129   1      }
 130          
 131          void delay(unsigned int time)
 132          {
 133   1        unsigned int i,j;
 134   1        {
 135   2          for(i = 0; i < time; i++)
 136   2          {
 137   3            for(j = 0; j < 1000; j++);
 138   3          }
 139   2        }
 140   1      }


MODULE INFORMATION:   STATIC OVERLAYABLE
   CODE SIZE        =    144    ----
   CONSTANT SIZE    =   ----    ----
   XDATA SIZE       =   ----    ----
   PDATA SIZE       =   ----    ----
   DATA SIZE        =   ----    ----
   IDATA SIZE       =   ----    ----
   BIT SIZE         =   ----    ----
END OF MODULE INFORMATION.


C51 COMPILATION COMPLETE.  0 WARNING(S),  0 ERROR(S)
