C51 COMPILER V9.59.0.0   ONE_SWITCH_LED                                                    11/15/2023 11:24:19 PAGE 1   


C51 COMPILER V9.59.0.0, COMPILATION OF MODULE ONE_SWITCH_LED
OBJECT MODULE PLACED IN .\Objects\One_Switch_LED.obj
COMPILER INVOKED BY: C:\Keil_v5\C51\BIN\C51.EXE One_Switch_LED.C OPTIMIZE(8,SPEED) BROWSE DEBUG OBJECTEXTEND PRINT(.\Lis
                    -tings\One_Switch_LED.lst) TABS(2) OBJECT(.\Objects\One_Switch_LED.obj)

line level    source

   1          //including required lib's
   2          #include <REGX51.H>
   3          
   4          //sbit declerations
   5          sbit sw = P1^0;
   6          sbit LED = P1^7;
   7          
   8          //forword decleration of user defined function 
   9          void delay(unsigned int);                             //delay function with one parameter
  10          
  11          void main()                                           //main function
  12          {
  13   1        //decleration of variables (local variables)
  14   1        unsigned int flag;
  15   1        
  16   1        //initialization
  17   1        LED = 0;        
  18   1        
  19   1        while(1)                                            //forever loop (or we can use for(;;))
  20   1        {
  21   2          if(sw == 0 && flag == 0 )                         //if switch is active low and flag is equal to 0 then,
  22   2          { 
  23   3            delay(100);                                     //calling delay function with 100
  24   3            LED = 1;                                        //LED will turn ON
  25   3            flag = 1;                                       //assigning value 1 to variable flag
  26   3          }
  27   2          else if (sw == 0 && flag == 1)                    //else if switch is active low and flag is equal to 1 then,
  28   2          {
  29   3            delay(100);                                     //calling delay function with 100
  30   3            LED = 0;                                        //LED will turn OFF
  31   3            flag = 0;                                       //assigning value 0 to variable flag to creat a loop
  32   3          }
  33   2        }
  34   1      }
  35          
  36          
  37          //function defination of user defined functions
  38          void delay(unsigned int time)                         //delay function with one parameter called timme
  39          {
  40   1        unsigned int i,j;                                   //decleration of variables
  41   1        for(i = 0; i < time; i++)                           //for loop
  42   1        {
  43   2          for(j = 0; j < 1000; j++);                        //nested for loop
  44   2        }
  45   1      }


MODULE INFORMATION:   STATIC OVERLAYABLE
   CODE SIZE        =     85    ----
   CONSTANT SIZE    =   ----    ----
   XDATA SIZE       =   ----    ----
   PDATA SIZE       =   ----    ----
   DATA SIZE        =   ----       2
   IDATA SIZE       =   ----    ----
C51 COMPILER V9.59.0.0   ONE_SWITCH_LED                                                    11/15/2023 11:24:19 PAGE 2   

   BIT SIZE         =   ----    ----
END OF MODULE INFORMATION.


C51 COMPILATION COMPLETE.  0 WARNING(S),  0 ERROR(S)
