C51 COMPILER V9.59.0.0   SWITCH_AND_LED                                                    11/15/2023 12:25:28 PAGE 1   


C51 COMPILER V9.59.0.0, COMPILATION OF MODULE SWITCH_AND_LED
OBJECT MODULE PLACED IN .\Objects\Switch_and_LED.obj
COMPILER INVOKED BY: C:\Keil_v5\C51\BIN\C51.EXE Switch_and_LED.c OPTIMIZE(8,SPEED) BROWSE DEBUG OBJECTEXTEND PRINT(.\Lis
                    -tings\Switch_and_LED.lst) TABS(2) OBJECT(.\Objects\Switch_and_LED.obj)

line level    source

   1          #include<reg51.h>                                       //including header file-lib
   2          
   3          sbit LED = P1^5;                                        //LED label 
   4          sbit SW = P1^3;                                         //SWITCH label
   5          
   6          void delay(unsigned int);                               //forword decleartion of delay() function 
   7          
   8          void main()                                             //main function
   9          {
  10   1        LED = 0;                                            //off LED
  11   1        
  12   1        while(1)
  13   1      {
  14   2        
  15   2        if(SW == 0)                                           //if switch is at active low
  16   2        {
  17   3          delay(10);
  18   3          LED = 1;                                            //on LED
  19   3          delay(10);
  20   3      
  21   3        }
  22   2        else if(SW == 1)                                      //else switch is at active high
  23   2        {
  24   3          delay(10);
  25   3          LED = 0;                                            //off LED
  26   3              delay(10);
  27   3      
  28   3        }
  29   2      }
  30   1      }
  31          
  32          
  33          void delay(unsigned int time)                           //defination of delay() function
  34          {
  35   1        unsigned int i ,j;
  36   1        for(i = 0; i < time; i++)
  37   1        {
  38   2          for(j = 0; j < 1000; j++)
  39   2          {
  40   3            
  41   3          }
  42   2        }
  43   1      }


MODULE INFORMATION:   STATIC OVERLAYABLE
   CODE SIZE        =     64    ----
   CONSTANT SIZE    =   ----    ----
   XDATA SIZE       =   ----    ----
   PDATA SIZE       =   ----    ----
   DATA SIZE        =   ----    ----
   IDATA SIZE       =   ----    ----
   BIT SIZE         =   ----    ----
END OF MODULE INFORMATION.

C51 COMPILER V9.59.0.0   SWITCH_AND_LED                                                    11/15/2023 12:25:28 PAGE 2   


C51 COMPILATION COMPLETE.  0 WARNING(S),  0 ERROR(S)
