C51 COMPILER V9.59.0.0   ALTERNATELED                                                      11/13/2023 09:37:17 PAGE 1   


C51 COMPILER V9.59.0.0, COMPILATION OF MODULE ALTERNATELED
OBJECT MODULE PLACED IN .\Objects\alternateled.obj
COMPILER INVOKED BY: C:\Keil_v5\C51\BIN\C51.EXE alternateled.c OPTIMIZE(8,SPEED) BROWSE DEBUG OBJECTEXTEND PRINT(.\Listi
                    -ngs\alternateled.lst) TABS(2) OBJECT(.\Objects\alternateled.obj)

line level    source

   1          #include<reg51.h>                                                                               //including required lib's
   2          
   3          void main()                                                                                     //main function
   4          {
   5   1        unsigned int number;                                                                          //decleration of variables
   6   1        
   7   1        P2 = 0x00;                                                                                    //initialization of port
   8   1        for (number = 0; number <= 40000; number++);                                                  //delay using for loop
   9   1        while(1)                                                                                      //forever loop (or we cn use for(;;))
  10   1          {
  11   2            P2 = 0x55;                                                                                //0x55 = 01010101
  12   2            for (number = 0; number <= 40000; number++);                                              //delay using for loop
  13   2            
  14   2            P2 = 0xAA;                                                                                //0xAA = 10101010
  15   2            for (number = 0; number <= 40000; number++);                                              //delay using for loop
  16   2          }
  17   1      }


MODULE INFORMATION:   STATIC OVERLAYABLE
   CODE SIZE        =     89    ----
   CONSTANT SIZE    =   ----    ----
   XDATA SIZE       =   ----    ----
   PDATA SIZE       =   ----    ----
   DATA SIZE        =   ----    ----
   IDATA SIZE       =   ----    ----
   BIT SIZE         =   ----    ----
END OF MODULE INFORMATION.


C51 COMPILATION COMPLETE.  0 WARNING(S),  0 ERROR(S)
